<?xml version="1.0" encoding="UTF-8"?>
<testng-results ignored="1" total="2" passed="1" failed="0" skipped="0">
  <reporter-output>
  </reporter-output>
  <suite started-at="2026-09-12T11:01:01 IST" name="Suite" finished-at="2026-09-12T11:01:14 IST" duration-ms="13144">
    <groups>
      <group name="st">
        <method signature="createOrgg.createorg()[pri:0, instance:com.crm.createorg.createOrgg@302552ec]" name="createorg" class="com.crm.createorg.createOrgg"/>
      </group> <!-- st -->
    </groups>
    <test started-at="2026-09-12T11:01:01 IST" name="Test" finished-at="2026-09-12T11:01:14 IST" duration-ms="13144">
      <class name="com.crm.createorg.createOrgg">
        <test-method is-config="true" signature="database()[pri:0, instance:com.crm.createorg.createOrgg@302552ec]" started-at="2026-09-12T11:01:01 IST" name="database" finished-at="2026-09-12T11:01:01 IST" duration-ms="14" status="PASS">
          <reporter-output>
          </reporter-output>
        </test-method> <!-- database -->
        <test-method is-config="true" signature="launchbrowsr()[pri:0, instance:com.crm.createorg.createOrgg@302552ec]" started-at="2026-09-12T11:01:01 IST" name="launchbrowsr" finished-at="2026-09-12T11:01:05 IST" duration-ms="4010" status="PASS">
          <reporter-output>
          </reporter-output>
        </test-method> <!-- launchbrowsr -->
        <test-method is-config="true" signature="logintocrm()[pri:0, instance:com.crm.createorg.createOrgg@302552ec]" started-at="2026-09-12T11:01:05 IST" name="logintocrm" finished-at="2026-09-12T11:01:07 IST" duration-ms="2618" status="PASS">
          <reporter-output>
          </reporter-output>
        </test-method> <!-- logintocrm -->
        <test-method signature="createorg()[pri:0, instance:com.crm.createorg.createOrgg@302552ec]" started-at="2026-09-12T11:01:07 IST" name="createorg" finished-at="2026-09-12T11:01:13 IST" duration-ms="5294" status="PASS">
          <reporter-output>
          </reporter-output>
        </test-method> <!-- createorg -->
        <test-method is-config="true" signature="configAM()[pri:0, instance:com.crm.createorg.createOrgg@302552ec]" started-at="2026-09-12T11:01:13 IST" name="configAM" finished-at="2026-09-12T11:01:13 IST" duration-ms="796" status="PASS">
          <reporter-output>
          </reporter-output>
        </test-method> <!-- configAM -->
        <test-method is-config="true" signature="configAC()[pri:0, instance:com.crm.createorg.createOrgg@302552ec]" started-at="2026-09-12T11:01:13 IST" name="configAC" finished-at="2026-09-12T11:01:14 IST" duration-ms="365" status="PASS">
          <reporter-output>
          </reporter-output>
        </test-method> <!-- configAC -->
        <test-method is-config="true" signature="configAS()[pri:0, instance:com.crm.createorg.createOrgg@302552ec]" started-at="2026-09-12T11:01:14 IST" name="configAS" finished-at="2026-09-12T11:01:14 IST" duration-ms="2" status="FAIL">
          <exception class="java.lang.NullPointerException">
            <message>
              <![CDATA[Cannot invoke "com.aventstack.extentreports.ExtentReports.flush()" because "this.report" is null]]>
            </message>
            <full-stacktrace>
              <![CDATA[java.lang.NullPointerException: Cannot invoke "com.aventstack.extentreports.ExtentReports.flush()" because "this.report" is null
at baseclass.BaseClass.configAS(BaseClass.java:77)
at java.base/jdk.internal.reflect.DirectMethodHandleAccessor.invoke(DirectMethodHandleAccessor.java:103)
at java.base/java.lang.reflect.Method.invoke(Method.java:580)
at org.testng.internal.invokers.MethodInvocationHelper.invokeMethod(MethodInvocationHelper.java:141)
at org.testng.internal.invokers.MethodInvocationHelper.invokeMethodConsideringTimeout(MethodInvocationHelper.java:71)
at org.testng.internal.invokers.ConfigInvoker.invokeConfigurationMethod(ConfigInvoker.java:400)
at org.testng.internal.invokers.ConfigInvoker.invokeConfigurations(ConfigInvoker.java:333)
at org.testng.SuiteRunner.privateRun(SuiteRunner.java:386)
at org.testng.SuiteRunner.run(SuiteRunner.java:312)
at org.testng.SuiteRunnerWorker.runSuite(SuiteRunnerWorker.java:52)
at org.testng.SuiteRunnerWorker.run(SuiteRunnerWorker.java:95)
at org.testng.TestNG.runSuitesSequentially(TestNG.java:1274)
at org.testng.TestNG.runSuitesLocally(TestNG.java:1208)
at org.testng.TestNG.runSuites(TestNG.java:1112)
at org.testng.TestNG.run(TestNG.java:1079)
at org.testng.remote.AbstractRemoteTestNG.run(AbstractRemoteTestNG.java:115)
at org.testng.remote.RemoteTestNG.initAndRun(RemoteTestNG.java:293)
at org.testng.remote.RemoteTestNG.main(RemoteTestNG.java:91)
]]>
            </full-stacktrace>
          </exception> <!-- java.lang.NullPointerException -->
          <reporter-output>
          </reporter-output>
        </test-method> <!-- configAS -->
      </class> <!-- com.crm.createorg.createOrgg -->
    </test> <!-- Test -->
  </suite> <!-- Suite -->
</testng-results>
