<?xml version="1.0" encoding="UTF-8"?>
<!-- Generated by org.testng.reporters.JUnitReportReporter -->
<testsuite hostname="mohammedrifaz" failures="0" tests="2" name="practice.testng.ContactTest" time="0.011" errors="0" timestamp="2026-09-07T14:53:01 IST" skipped="0">
  <testcase classname="practice.testng.ContactTest" name="createcontactwithmobileest" time="0.002"/>
  <testcase classname="practice.testng.ContactTest" name="createcontacttest" time="0.009"/>
</testsuite> <!-- practice.testng.ContactTest -->
