<?xml version="1.0" encoding="UTF-8"?>
<!-- Generated by org.testng.reporters.JUnitReportReporter -->
<testsuite hostname="mohammedrifaz" failures="0" tests="3" name="vediosessioncrm.CreateContactTest" time="23.053" errors="0" timestamp="2026-09-10T12:37:45 IST" skipped="0">
  <testcase classname="vediosessioncrm.CreateContactTest" name="CreateContactWithMobilenumber1" time="7.131"/>
  <testcase classname="vediosessioncrm.CreateContactTest" name="CreateContact" time="8.974"/>
  <testcase classname="vediosessioncrm.CreateContactTest" name="CreateContactWithMobilenumber" time="6.948"/>
</testsuite> <!-- vediosessioncrm.CreateContactTest -->
