<?xml version="1.0" encoding="UTF-8"?>
<!-- Generated by org.testng.reporters.JUnitReportReporter -->
<testsuite hostname="mohammedrifaz" failures="0" tests="2" name="com.crm.createorg.createcontact" time="11.426" errors="0" timestamp="2026-09-10T17:41:06 IST" skipped="0">
  <testcase classname="com.crm.createorg.createcontact" name="CreateContactWithMobilenumber" time="6.632"/>
  <testcase classname="com.crm.createorg.createcontact" name="CreateContact" time="4.794"/>
</testsuite> <!-- com.crm.createorg.createcontact -->
