<?xml version="1.0" encoding="UTF-8"?>
<!-- Generated by org.testng.reporters.JUnitReportReporter -->
<testsuite hostname="mohammedrifaz" failures="0" tests="3" name="practice.testng.CreateContactTest2" time="0.017" errors="0" timestamp="2026-09-08T10:40:36 IST" skipped="0">
  <testcase classname="practice.testng.CreateContactTest2" name="createcontact" time="0.002"/>
  <testcase classname="practice.testng.CreateContactTest2" name="createcontact" time="0.013"/>
  <testcase classname="practice.testng.CreateContactTest2" name="createcontact" time="0.002"/>
</testsuite> <!-- practice.testng.CreateContactTest2 -->
