<?xml version="1.0" encoding="UTF-8"?>
<!-- Generated by org.testng.reporters.JUnitReportReporter -->
<testsuite hostname="mohammedrifaz" failures="0" tests="3" name="practiceTest.GetProductInfoTest" time="33.271" errors="0" timestamp="2026-09-08T16:22:02 IST" skipped="0">
  <testcase classname="practiceTest.GetProductInfoTest" name="getproductinfitest" time="11.452"/>
  <testcase classname="practiceTest.GetProductInfoTest" name="getproductinfitest" time="10.793"/>
  <testcase classname="practiceTest.GetProductInfoTest" name="getproductinfitest" time="11.026"/>
</testsuite> <!-- practiceTest.GetProductInfoTest -->
