<?xml version="1.0" encoding="UTF-8"?>
<!-- Generated by org.testng.reporters.JUnitReportReporter -->
<testsuite hostname="mohammedrifaz" failures="0" tests="3" name="practice.testng.CreateContactTest" time="0.037" errors="0" timestamp="2026-09-08T10:25:58 IST" skipped="0">
  <testcase classname="practice.testng.CreateContactTest" name="CreateContact" time="0.003"/>
  <testcase classname="practice.testng.CreateContactTest" name="CreateContact" time="0.029"/>
  <testcase classname="practice.testng.CreateContactTest" name="CreateContact" time="0.005"/>
</testsuite> <!-- practice.testng.CreateContactTest -->
