<?xml version="1.0" encoding="UTF-8"?>
<!-- Generated by org.testng.reporters.JUnitReportReporter -->
<testsuite hostname="mohammedrifaz" failures="0" tests="2" name="com.crm.createorg.createcontact$CreateContactTest" time="20.759" errors="0" timestamp="2026-09-09T23:31:43 IST" skipped="0">
  <testcase classname="com.crm.createorg.createcontact$CreateContactTest" name="CreateContact" time="11.599"/>
  <testcase classname="com.crm.createorg.createcontact$CreateContactTest" name="CreateContactWithMobilenumber" time="9.160"/>
</testsuite> <!-- com.crm.createorg.createcontact$CreateContactTest -->
