<?xml version="1.0" encoding="UTF-8"?>
<!-- Generated by org.testng.reporters.JUnitReportReporter -->
<testsuite hostname="mohammedrifaz" failures="0" tests="3" name="ExtentReport.ExtentReport" time="0.023" errors="0" timestamp="2026-09-11T15:53:07 IST" skipped="0">
  <testcase classname="ExtentReport.ExtentReport" name="createcontactTest1" time="0.013"/>
  <testcase classname="ExtentReport.ExtentReport" name="createcontacwithphone" time="0.007"/>
  <testcase classname="ExtentReport.ExtentReport" name="createcontactwithorg" time="0.003"/>
</testsuite> <!-- ExtentReport.ExtentReport -->
