<?xml version="1.0" encoding="UTF-8"?>
<!-- Generated by org.testng.reporters.JUnitReportReporter -->
<testsuite hostname="mohammedrifaz" failures="0" tests="2" name="Assertt.HomePageVerification" time="10.523" errors="0" timestamp="2026-09-09T15:13:50 IST" skipped="0">
  <testcase classname="Assertt.HomePageVerification" name="homaeverify" time="6.183"/>
  <testcase classname="Assertt.HomePageVerification" name="logoverification" time="4.340"/>
</testsuite> <!-- Assertt.HomePageVerification -->
