<?xml version="1.0" encoding="UTF-8"?>
<!-- Generated by org.testng.reporters.JUnitReportReporter -->
<testsuite hostname="mohammedrifaz" failures="0" tests="2" name="practiceTest.CreateContactTest" time="0.031" errors="0" timestamp="2026-09-09T10:06:28 IST" skipped="0">
  <testcase classname="practiceTest.CreateContactTest" name="createcontact" time="0.008"/>
  <testcase classname="practiceTest.CreateContactTest" name="createcontactwithdate" time="0.023"/>
</testsuite> <!-- practiceTest.CreateContactTest -->
