<?xml version="1.0" encoding="UTF-8"?>
<!-- Generated by org.testng.reporters.JUnitReportReporter -->
<testsuite hostname="mohammedrifaz" failures="0" tests="2" name="practice.testng.SamleTest" time="0.010" errors="0" timestamp="2026-09-07T12:59:09 IST" skipped="0">
  <testcase classname="practice.testng.SamleTest" name="createcontactwithmobileest" time="0.002"/>
  <testcase classname="practice.testng.SamleTest" name="createcontacttest" time="0.008"/>
</testsuite> <!-- practice.testng.SamleTest -->
