<?xml version="1.0" encoding="UTF-8"?>
<!-- Generated by org.testng.reporters.JUnitReportReporter -->
<testsuite hostname="mohammedrifaz" failures="0" tests="2" name="practiceTest.createOrgTest" time="0.010" errors="0" timestamp="2026-09-09T10:06:28 IST" skipped="0">
  <testcase classname="practiceTest.createOrgTest" name="createorgTest" time="0.006"/>
  <testcase classname="practiceTest.createOrgTest" name="createwithIndustry" time="0.004"/>
</testsuite> <!-- practiceTest.createOrgTest -->
