<?xml version="1.0" encoding="UTF-8"?>
<!-- Generated by org.testng.reporters.JUnitReportReporter -->
<testsuite hostname="mohammedrifaz" failures="0" tests="11" name="practice.testng.InvocationTesst" time="0.045" errors="0" timestamp="2026-09-07T15:17:07 IST" skipped="1">
  <testcase classname="practice.testng.InvocationTesst" name="CreateOrderTest" time="0.001"/>
  <testcase classname="practice.testng.InvocationTesst" name="CreateOrderTest" time="0.004"/>
  <testcase classname="practice.testng.InvocationTesst" name="CreateOrderTest" time="0.002"/>
  <testcase classname="practice.testng.InvocationTesst" name="CreateOrderTest" time="0.010"/>
  <testcase classname="practice.testng.InvocationTesst" name="CreateOrderTest" time="0.005"/>
  <testcase classname="practice.testng.InvocationTesst" name="CreateOrderTest" time="0.001"/>
  <testcase classname="practice.testng.InvocationTesst" name="CreateOrderTest" time="0.002"/>
  <testcase classname="practice.testng.InvocationTesst" name="CreateOrderTest" time="0.004"/>
  <testcase classname="practice.testng.InvocationTesst" name="CreateOrderTest" time="0.002"/>
  <testcase classname="practice.testng.InvocationTesst" name="CreateOrderTest" time="0.014"/>
  <testcase classname="practice.testng.InvocationTesst" name="billingAnOrderTest">
    <skipped/>
  </testcase> <!-- billingAnOrderTest -->
</testsuite> <!-- practice.testng.InvocationTesst -->
