<?xml version="1.0" encoding="UTF-8"?>
<!-- Generated by org.testng.reporters.JUnitXMLReporter -->
<testsuite ignored="2" hostname="mohammedrifaz" failures="0" tests="4" name="TestR-2" time="39.618" errors="0" timestamp="2026-09-10T12:19:39 IST">
  <testcase classname="com.crm.createorg.createOrgg" name="CreateOrgWithIndustry" time="9.283"/>
  <testcase classname="com.crm.createorg.createOrgg" name="createorg" time="3.794"/>
  <testcase classname="com.crm.createorg.createcontact" name="CreateContact" time="3.633"/>
  <testcase classname="com.crm.createorg.createcontact" name="CreateContactWithMobilenumber" time="2.911"/>
  <testcase classname="baseclass.BaseClass" name="@AfterSuite configAS" time="0.0">
    <ignored/>
  </testcase> <!-- @AfterSuite configAS -->
  <testcase classname="baseclass.BaseClass" name="@BeforeSuite database" time="0.0">
    <ignored/>
  </testcase> <!-- @BeforeSuite database -->
</testsuite> <!-- TestR-2 -->
