<?xml version="1.0" encoding="UTF-8"?>
<!-- Generated by org.testng.reporters.JUnitXMLReporter -->
<testsuite ignored="1" hostname="mohammedrifaz" failures="0" tests="1" name="Test" time="13.144" errors="0" timestamp="2026-09-12T11:01:14 IST">
  <testcase classname="com.crm.createorg.createOrgg" name="createorg" time="5.294"/>
  <testcase classname="com.crm.createorg.createOrgg" name="CreateOrgWithIndustry" time="0.0">
    <ignored/>
  </testcase> <!-- CreateOrgWithIndustry -->
</testsuite> <!-- Test -->
