<?xml version="1.0" encoding="UTF-8"?>
<!-- Generated by org.testng.reporters.JUnitXMLReporter -->
<testsuite ignored="0" hostname="mohammedrifaz" failures="0" tests="2" name="Test1" time="0.09" errors="0" timestamp="2026-09-10T16:10:38 IST">
  <testcase classname="baseclass.BaseClass" name="@BeforeClass launchbrowsr" time="-1.789036838298E9">
    <failure type="org.testng.TestNGException" message="
Parameter &amp;apos;BROWSER&amp;apos; is required by BeforeClass on method launchbrowsr but has not been marked @Optional or defined
in C:\Users\rifaz\eclipse-workspace\demo1\NINJA_HRM\distributeparallel.xml">
      <![CDATA[org.testng.TestNGException: 
Parameter 'BROWSER' is required by BeforeClass on method launchbrowsr but has not been marked @Optional or defined
in C:\Users\rifaz\eclipse-workspace\demo1\NINJA_HRM\distributeparallel.xml
at java.base/java.util.ArrayList.forEach(ArrayList.java:1596)
at java.base/java.util.concurrent.FutureTask.run(FutureTask.java:317)
at java.base/java.util.concurrent.ThreadPoolExecutor.runWorker(ThreadPoolExecutor.java:1144)
at java.base/java.util.concurrent.ThreadPoolExecutor$Worker.run(ThreadPoolExecutor.java:642)
at java.base/java.lang.Thread.run(Thread.java:1583)
... Removed 12 stack frames]]>
    </failure>
  </testcase> <!-- @BeforeClass launchbrowsr -->
  <testcase classname="baseclass.BaseClass" name="@BeforeClass launchbrowsr" time="-1.789036838298E9">
    <failure type="org.testng.TestNGException" message="
Parameter &amp;apos;BROWSER&amp;apos; is required by BeforeClass on method launchbrowsr but has not been marked @Optional or defined
in C:\Users\rifaz\eclipse-workspace\demo1\NINJA_HRM\distributeparallel.xml">
      <![CDATA[org.testng.TestNGException: 
Parameter 'BROWSER' is required by BeforeClass on method launchbrowsr but has not been marked @Optional or defined
in C:\Users\rifaz\eclipse-workspace\demo1\NINJA_HRM\distributeparallel.xml
at java.base/java.util.ArrayList.forEach(ArrayList.java:1596)
at java.base/java.util.concurrent.FutureTask.run(FutureTask.java:317)
at java.base/java.util.concurrent.ThreadPoolExecutor.runWorker(ThreadPoolExecutor.java:1144)
at java.base/java.util.concurrent.ThreadPoolExecutor$Worker.run(ThreadPoolExecutor.java:642)
at java.base/java.lang.Thread.run(Thread.java:1583)
... Removed 12 stack frames]]>
    </failure>
  </testcase> <!-- @BeforeClass launchbrowsr -->
  <testcase classname="baseclass.BaseClass" name="@BeforeMethod logintocrm" time="0.0">
    <skipped/>
  </testcase> <!-- @BeforeMethod logintocrm -->
  <testcase classname="baseclass.BaseClass" name="@BeforeMethod logintocrm" time="0.0">
    <skipped/>
  </testcase> <!-- @BeforeMethod logintocrm -->
  <testcase classname="baseclass.BaseClass" name="@AfterMethod configAM" time="0.0">
    <skipped/>
  </testcase> <!-- @AfterMethod configAM -->
  <testcase classname="baseclass.BaseClass" name="@AfterMethod configAM" time="0.0">
    <skipped/>
  </testcase> <!-- @AfterMethod configAM -->
  <testcase classname="baseclass.BaseClass" name="@BeforeMethod logintocrm" time="0.0">
    <skipped/>
  </testcase> <!-- @BeforeMethod logintocrm -->
  <testcase classname="baseclass.BaseClass" name="@BeforeMethod logintocrm" time="0.0">
    <skipped/>
  </testcase> <!-- @BeforeMethod logintocrm -->
  <testcase classname="baseclass.BaseClass" name="@AfterMethod configAM" time="0.0">
    <skipped/>
  </testcase> <!-- @AfterMethod configAM -->
  <testcase classname="baseclass.BaseClass" name="@AfterMethod configAM" time="0.0">
    <skipped/>
  </testcase> <!-- @AfterMethod configAM -->
  <testcase classname="baseclass.BaseClass" name="@AfterClass configAC" time="0.0">
    <skipped/>
  </testcase> <!-- @AfterClass configAC -->
  <testcase classname="baseclass.BaseClass" name="@AfterClass configAC" time="0.0">
    <skipped/>
  </testcase> <!-- @AfterClass configAC -->
  <testcase classname="com.crm.createorg.createOrgg" name="CreateOrgWithIndustry" time="0.0">
    <skipped/>
  </testcase> <!-- CreateOrgWithIndustry -->
  <testcase classname="com.crm.createorg.createOrgg" name="createorg" time="0.001">
    <skipped/>
  </testcase> <!-- createorg -->
</testsuite> <!-- Test1 -->
