<?xml version="1.0" encoding="UTF-8"?>
<!-- Generated by org.testng.reporters.JUnitXMLReporter -->
<testsuite ignored="0" hostname="mohammedrifaz" failures="0" tests="2" name="Test2" time="0.09" errors="0" timestamp="2026-09-10T16:10:38 IST">
  <testcase classname="com.crm.createorg.createcontact" name="CreateContact" time="0.001">
    <skipped/>
  </testcase> <!-- CreateContact -->
  <testcase classname="com.crm.createorg.createcontact" name="CreateContactWithMobilenumber" time="0.0">
    <skipped/>
  </testcase> <!-- CreateContactWithMobilenumber -->
</testsuite> <!-- Test2 -->
