<?xml version="1.0" encoding="UTF-8"?>
<!-- Generated by org.testng.reporters.JUnitXMLReporter -->
<testsuite ignored="0" hostname="mohammedrifaz" failures="0" tests="4" name="Test" time="0.081" errors="0" timestamp="2026-09-22T18:13:01 IST">
  <testcase classname="pac1.ContactTest" name="createcontactTest" time="0.012"/>
  <testcase classname="pac1.ContactTest" name="modifycontactTest" time="0.003"/>
  <testcase classname="pac2.OrgTest" name="createorgTest" time="0.001"/>
  <testcase classname="pac2.OrgTest" name="modifyorgTest" time="0.001"/>
</testsuite> <!-- Test -->
