<?xml version="1.0" encoding="UTF-8"?>
<!-- Generated by org.testng.reporters.JUnitXMLReporter -->
<testsuite ignored="0" hostname="mohammedrifaz" failures="0" tests="4" name="Test" time="0.076" errors="0" timestamp="2026-09-22T17:59:08 IST">
  <testcase classname="pac1.ContactTest" name="createcontactTest" time="0.011"/>
  <testcase classname="pac1.ContactTest" name="modifycontactTest" time="0.004"/>
  <testcase classname="pac2.OrgTest" name="createorgTest" time="0.002"/>
  <testcase classname="pac2.OrgTest" name="modifyorgTest" time="0.002"/>
</testsuite> <!-- Test -->
